Using pre-set license
Built from '6000.1/staging' branch; Version is '6000.1.11f1 (9b156bbbd4df) revision 10163563'; Using compiler version '194234433'; Build Type 'Release'
OS: 'Windows 10  (10.0.19045) 64bit Core' Language: 'en' Physical Memory: 65445 MB
BatchMode: 1, IsHumanControllingUs: 0, StartBugReporterOnCrash: 0, Is64bit: 1, IsPro: 1
Date: 2025-07-27T04:37:18Z

COMMAND LINE ARGUMENTS:
F:\Unity Hub\Editor\6000.1.11f1\Editor\Unity.exe
-adb2
-batchMode
-noUpm
-name
AssetImportWorker2
-projectPath
E:/Unity Projects/Match 3
-logFile
Logs/AssetImportWorker2.log
-srvPort
61230
-job-worker-count
7
-background-job-worker-count
8
-gc-helper-count
1
-name
AssetImport
Successfully changed project path to: E:/Unity Projects/Match 3
E:/Unity Projects/Match 3
[UnityMemory] Configuration Parameters - Can be set up in boot.config
    "memorysetup-allocator-temp-initial-block-size-main=262144"
    "memorysetup-allocator-temp-initial-block-size-worker=262144"
    "memorysetup-bucket-allocator-granularity=16"
    "memorysetup-bucket-allocator-bucket-count=8"
    "memorysetup-bucket-allocator-block-size=33554432"
    "memorysetup-bucket-allocator-block-count=8"
    "memorysetup-main-allocator-block-size=16777216"
    "memorysetup-thread-allocator-block-size=16777216"
    "memorysetup-gfx-main-allocator-block-size=16777216"
    "memorysetup-gfx-thread-allocator-block-size=16777216"
    "memorysetup-cache-allocator-block-size=4194304"
    "memorysetup-typetree-allocator-block-size=2097152"
    "memorysetup-profiler-bucket-allocator-granularity=16"
    "memorysetup-profiler-bucket-allocator-bucket-count=8"
    "memorysetup-profiler-bucket-allocator-block-size=33554432"
    "memorysetup-profiler-bucket-allocator-block-count=8"
    "memorysetup-profiler-allocator-block-size=16777216"
    "memorysetup-profiler-editor-allocator-block-size=1048576"
    "memorysetup-temp-allocator-size-main=16777216"
    "memorysetup-job-temp-allocator-block-size=2097152"
    "memorysetup-job-temp-allocator-block-size-background=1048576"
    "memorysetup-job-temp-allocator-reduction-small-platforms=262144"
    "memorysetup-temp-allocator-size-background-worker=32768"
    "memorysetup-temp-allocator-size-job-worker=262144"
    "memorysetup-temp-allocator-size-preload-manager=33554432"
    "memorysetup-temp-allocator-size-nav-mesh-worker=65536"
    "memorysetup-temp-allocator-size-audio-worker=65536"
    "memorysetup-temp-allocator-size-cloud-worker=32768"
    "memorysetup-temp-allocator-size-gi-baking-worker=262144"
    "memorysetup-temp-allocator-size-gi-baking-worker=262144"
    "memorysetup-temp-allocator-size-gi-baking-worker=262144"
    "memorysetup-temp-allocator-size-gi-baking-worker=262144"
    "memorysetup-temp-allocator-size-gi-baking-worker=262144"
    "memorysetup-temp-allocator-size-gfx=262144"
Player connection [22408]  Target information:

Player connection [22408]  * "[IP] 192.168.86.27 [Port] 0 [Flags] 2 [Guid] 162474872 [EditorId] 162474872 [Version] 1048832 [Id] WindowsEditor(7,DESKTOP-U0VHDSP) [Debug] 1 [PackageName] WindowsEditor [ProjectName] Editor" 

Player connection [22408] Host joined multi-casting on [225.0.0.222:54997]...
Player connection [22408] Host joined alternative multi-casting on [225.0.0.222:34997]...
JobSystem: Creating JobQueue using job-worker-count value 7
Input System module state changed to: Initialized.
[Physics::Module] Initialized fallback backend.
[Physics::Module] Id: 0xdecafbad
Library Redirect Path: Library/
[Physics::Module] Selected backend.
[Physics::Module] Name: PhysX
[Physics::Module] Id: 0xf2b8ea05
[Physics::Module] SDK Version: 4.1.2
[Physics::Module] Integration Version: 1.0.0
[Physics::Module] Threading Mode: Multi-Threaded
Refreshing native plugins compatible for Editor in 5.24 ms, found 4 plugins.
Preloading 0 native plugins for Editor in 0.00 ms.
Initialize engine version: 6000.1.11f1 (9b156bbbd4df)
[Subsystems] Discovering subsystems at path F:/Unity Hub/Editor/6000.1.11f1/Editor/Data/Resources/UnitySubsystems
[Subsystems] Discovering subsystems at path E:/Unity Projects/Match 3/Assets
GfxDevice: creating device client; kGfxThreadingModeNonThreaded
Direct3D:
    Version:         Direct3D 12 [level 12.1]
    Renderer:        NVIDIA GeForce RTX 3080 (ID=0x2206)
    Vendor:          NVIDIA
    VRAM:            10053 MB
    App VRAM Budget: 9285 MB
    Driver:          32.0.15.7652
Initialize mono
Mono path[0] = 'F:/Unity Hub/Editor/6000.1.11f1/Editor/Data/Managed'
Mono path[1] = 'F:/Unity Hub/Editor/6000.1.11f1/Editor/Data/MonoBleedingEdge/lib/mono/unityjit-win32'
Mono config path = 'F:/Unity Hub/Editor/6000.1.11f1/Editor/Data/MonoBleedingEdge/etc'
Using monoOptions --debugger-agent=transport=dt_socket,embedding=1,server=y,suspend=n,address=127.0.0.1:56112
Begin MonoManager ReloadAssembly
Registering precompiled unity dll's ...
Register platform support module: F:/Unity Hub/Editor/6000.1.11f1/Editor/Data/PlaybackEngines/WebGLSupport/UnityEditor.WebGL.Extensions.dll
Register platform support module: F:/Unity Hub/Editor/6000.1.11f1/Editor/Data/PlaybackEngines/WindowsStandaloneSupport/UnityEditor.WindowsStandalone.Extensions.dll
Registered in 0.001986 seconds.
- Loaded All Assemblies, in  0.525 seconds
Native extension for WindowsStandalone target not found
Native extension for WebGL target not found
Mono: successfully reloaded assembly
- Finished resetting the current domain, in  0.365 seconds
Domain Reload Profiling: 890ms
	BeginReloadAssembly (214ms)
		ExecutionOrderSort (0ms)
		DisableScriptedObjects (0ms)
		BackupInstance (0ms)
		ReleaseScriptingObjects (0ms)
		CreateAndSetChildDomain (1ms)
	RebuildCommonClasses (51ms)
	RebuildNativeTypeToScriptingClass (14ms)
	initialDomainReloadingComplete (48ms)
	LoadAllAssembliesAndSetupDomain (198ms)
		LoadAssemblies (214ms)
		RebuildTransferFunctionScriptingTraits (0ms)
		AnalyzeDomain (193ms)
			TypeCache.Refresh (191ms)
				TypeCache.ScanAssembly (175ms)
			BuildScriptInfoCaches (0ms)
			ResolveRequiredComponents (0ms)
	FinalizeReload (366ms)
		ReleaseScriptCaches (0ms)
		RebuildScriptCaches (0ms)
		SetupLoadedEditorAssemblies (310ms)
			LogAssemblyErrors (0ms)
			InitializePlatformSupportModulesInManaged (60ms)
			SetLoadedEditorAssemblies (4ms)
			BeforeProcessingInitializeOnLoad (63ms)
			ProcessInitializeOnLoadAttributes (126ms)
			ProcessInitializeOnLoadMethodAttributes (57ms)
			AfterProcessingInitializeOnLoad (0ms)
			EditorAssembliesLoaded (0ms)
		ExecutionOrderSort2 (0ms)
		AwakeInstancesAfterBackupRestoration (0ms)
========================================================================
Worker process is ready to serve import requests
Import Worker Mode flag is 0x00
Begin MonoManager ReloadAssembly
- Loaded All Assemblies, in  0.894 seconds
Refreshing native plugins compatible for Editor in 1.98 ms, found 4 plugins.
Native extension for WindowsStandalone target not found
Native extension for WebGL target not found
Mono: successfully reloaded assembly
- Finished resetting the current domain, in  0.811 seconds
Domain Reload Profiling: 1703ms
	BeginReloadAssembly (219ms)
		ExecutionOrderSort (0ms)
		DisableScriptedObjects (7ms)
		BackupInstance (0ms)
		ReleaseScriptingObjects (0ms)
		CreateAndSetChildDomain (33ms)
	RebuildCommonClasses (41ms)
	RebuildNativeTypeToScriptingClass (13ms)
	initialDomainReloadingComplete (36ms)
	LoadAllAssembliesAndSetupDomain (583ms)
		LoadAssemblies (430ms)
		RebuildTransferFunctionScriptingTraits (0ms)
		AnalyzeDomain (288ms)
			TypeCache.Refresh (217ms)
				TypeCache.ScanAssembly (200ms)
			BuildScriptInfoCaches (56ms)
			ResolveRequiredComponents (11ms)
	FinalizeReload (812ms)
		ReleaseScriptCaches (0ms)
		RebuildScriptCaches (0ms)
		SetupLoadedEditorAssemblies (663ms)
			LogAssemblyErrors (0ms)
			InitializePlatformSupportModulesInManaged (2ms)
			SetLoadedEditorAssemblies (3ms)
			BeforeProcessingInitializeOnLoad (135ms)
			ProcessInitializeOnLoadAttributes (404ms)
			ProcessInitializeOnLoadMethodAttributes (117ms)
			AfterProcessingInitializeOnLoad (2ms)
			EditorAssembliesLoaded (0ms)
		ExecutionOrderSort2 (0ms)
		AwakeInstancesAfterBackupRestoration (6ms)
Launched and connected shader compiler UnityShaderCompiler.exe after 0.02 seconds
Refreshing native plugins compatible for Editor in 2.00 ms, found 4 plugins.
Preloading 0 native plugins for Editor in 0.00 ms.
Unloading 231 Unused Serialized files (Serialized files now loaded: 0)
Unloading 6624 unused Assets / (7.1 MB). Loaded Objects now: 7316.
Memory consumption went from 173.6 MB to 166.5 MB.
Total: 11.110000 ms (FindLiveObjects: 1.053000 ms CreateObjectMapping: 0.403300 ms MarkObjects: 5.386900 ms  DeleteObjects: 4.265400 ms)

========================================================================
Received Import Request.
  Time since last request: 209866.465474 seconds.
  path: Assets/GemType/Red.asset
  artifactKey: Guid(242ceff968139e949a5e398a5bc760bb) Importer(815301076,1909f56bfc062723c751e8b465ee728b)
Start importing Assets/GemType/Red.asset using Guid(242ceff968139e949a5e398a5bc760bb) Importer(815301076,1909f56bfc062723c751e8b465ee728b) (PreviewImporter) -> (artifact id: '7a8e00938b0339b59bb0ed3e690b767b') in 0.0233394 seconds
Number of updated asset objects reloaded before import = 0Number of asset objects unloaded after import = 1

========================================================================
Received Import Request.
  Time since last request: 24.052992 seconds.
  path: Assets/GemType/Red.asset
  artifactKey: Guid(242ceff968139e949a5e398a5bc760bb) Importer(815301076,1909f56bfc062723c751e8b465ee728b)
Start importing Assets/GemType/Red.asset using Guid(242ceff968139e949a5e398a5bc760bb) Importer(815301076,1909f56bfc062723c751e8b465ee728b) (PreviewImporter) -> (artifact id: 'f15b2ed1e2c342293577c9b8e9c76795') in 0.0017735 seconds
Number of updated asset objects reloaded before import = 0Number of asset objects unloaded after import = 2

========================================================================
Received Import Request.
  Time since last request: 18.958540 seconds.
  path: Assets/GemType/Red 2.asset
  artifactKey: Guid(455651bce9783704995c3224f2faa743) Importer(815301076,1909f56bfc062723c751e8b465ee728b)
Start importing Assets/GemType/Red 2.asset using Guid(455651bce9783704995c3224f2faa743) Importer(815301076,1909f56bfc062723c751e8b465ee728b) (PreviewImporter) -> (artifact id: '4291b952d8a3e9aeed1d49b8773325b7') in 0.0016282 seconds
Number of updated asset objects reloaded before import = 0Number of asset objects unloaded after import = 2

========================================================================
Received Import Request.
  Time since last request: 0.375540 seconds.
  path: Assets/GemType/Red 3.asset
  artifactKey: Guid(002dcc13edad45042ba0f2ee09117d47) Importer(815301076,1909f56bfc062723c751e8b465ee728b)
Start importing Assets/GemType/Red 3.asset using Guid(002dcc13edad45042ba0f2ee09117d47) Importer(815301076,1909f56bfc062723c751e8b465ee728b) (PreviewImporter) -> (artifact id: '50b87cf3b0474ba82c00002aed4270b9') in 0.0015034 seconds
Number of updated asset objects reloaded before import = 0Number of asset objects unloaded after import = 2

========================================================================
Received Import Request.
  Time since last request: 0.202548 seconds.
  path: Assets/GemType/Red 4.asset
  artifactKey: Guid(13f1b0530e7b63d4eb0ba5449194b59b) Importer(815301076,1909f56bfc062723c751e8b465ee728b)
Start importing Assets/GemType/Red 4.asset using Guid(13f1b0530e7b63d4eb0ba5449194b59b) Importer(815301076,1909f56bfc062723c751e8b465ee728b) (PreviewImporter) -> (artifact id: '918df1f13b2f0f59b7258574cd391f8b') in 0.0016252 seconds
Number of updated asset objects reloaded before import = 0Number of asset objects unloaded after import = 2

========================================================================
Received Import Request.
  Time since last request: 0.201730 seconds.
  path: Assets/GemType/Red 5.asset
  artifactKey: Guid(d432a79d1b15d0c429ad469dbb522cfa) Importer(815301076,1909f56bfc062723c751e8b465ee728b)
Start importing Assets/GemType/Red 5.asset using Guid(d432a79d1b15d0c429ad469dbb522cfa) Importer(815301076,1909f56bfc062723c751e8b465ee728b) (PreviewImporter) -> (artifact id: 'bc8d4e2ce24abbf6c4ff4c5c0f6e2388') in 0.0017263 seconds
Number of updated asset objects reloaded before import = 0Number of asset objects unloaded after import = 2

========================================================================
Received Import Request.
  Time since last request: 0.254053 seconds.
  path: Assets/GemType/Red 6.asset
  artifactKey: Guid(fbcced3838e85744784ebf49d58755aa) Importer(815301076,1909f56bfc062723c751e8b465ee728b)
Start importing Assets/GemType/Red 6.asset using Guid(fbcced3838e85744784ebf49d58755aa) Importer(815301076,1909f56bfc062723c751e8b465ee728b) (PreviewImporter) -> (artifact id: 'ebbdd67f42e37102707b32219ec3f52c') in 0.0014416 seconds
Number of updated asset objects reloaded before import = 0Number of asset objects unloaded after import = 2

========================================================================
Received Import Request.
  Time since last request: 11.402900 seconds.
  path: Assets/GemType/Blue.asset
  artifactKey: Guid(7c21d53804c8dc9469f03cb6d43e4cde) Importer(815301076,1909f56bfc062723c751e8b465ee728b)
Start importing Assets/GemType/Blue.asset using Guid(7c21d53804c8dc9469f03cb6d43e4cde) Importer(815301076,1909f56bfc062723c751e8b465ee728b) (PreviewImporter) -> (artifact id: '98e89873098c1f359648ff688dc6f70d') in 0.0017896 seconds
Number of updated asset objects reloaded before import = 0Number of asset objects unloaded after import = 2

========================================================================
Received Import Request.
  Time since last request: 16.630566 seconds.
  path: Assets/GemType/Emerald.asset
  artifactKey: Guid(455651bce9783704995c3224f2faa743) Importer(815301076,1909f56bfc062723c751e8b465ee728b)
Start importing Assets/GemType/Emerald.asset using Guid(455651bce9783704995c3224f2faa743) Importer(815301076,1909f56bfc062723c751e8b465ee728b) (PreviewImporter) -> (artifact id: 'c82c98933c40150a37109e0c8c0cb69b') in 0.0016119 seconds
Number of updated asset objects reloaded before import = 0Number of asset objects unloaded after import = 2

========================================================================
Received Import Request.
  Time since last request: 5.119713 seconds.
  path: Assets/GemType/Green.asset
  artifactKey: Guid(002dcc13edad45042ba0f2ee09117d47) Importer(815301076,1909f56bfc062723c751e8b465ee728b)
Start importing Assets/GemType/Green.asset using Guid(002dcc13edad45042ba0f2ee09117d47) Importer(815301076,1909f56bfc062723c751e8b465ee728b) (PreviewImporter) -> (artifact id: '6526f1c1053db38cd0fbffa4316709aa') in 0.0016881 seconds
Number of updated asset objects reloaded before import = 0Number of asset objects unloaded after import = 2

========================================================================
Received Import Request.
  Time since last request: 5.957475 seconds.
  path: Assets/GemType/Orange.asset
  artifactKey: Guid(13f1b0530e7b63d4eb0ba5449194b59b) Importer(815301076,1909f56bfc062723c751e8b465ee728b)
Start importing Assets/GemType/Orange.asset using Guid(13f1b0530e7b63d4eb0ba5449194b59b) Importer(815301076,1909f56bfc062723c751e8b465ee728b) (PreviewImporter) -> (artifact id: '1e821d60e3df1d6d2d4b59de07dd341a') in 0.0017823 seconds
Number of updated asset objects reloaded before import = 0Number of asset objects unloaded after import = 2

========================================================================
Received Import Request.
  Time since last request: 4.739910 seconds.
  path: Assets/GemType/Pink.asset
  artifactKey: Guid(d432a79d1b15d0c429ad469dbb522cfa) Importer(815301076,1909f56bfc062723c751e8b465ee728b)
Start importing Assets/GemType/Pink.asset using Guid(d432a79d1b15d0c429ad469dbb522cfa) Importer(815301076,1909f56bfc062723c751e8b465ee728b) (PreviewImporter) -> (artifact id: '572525765ab707ebd5d51d8e79198f6b') in 0.0014982 seconds
Number of updated asset objects reloaded before import = 0Number of asset objects unloaded after import = 2

========================================================================
Received Import Request.
  Time since last request: 6.126636 seconds.
  path: Assets/GemType/Yellow.asset
  artifactKey: Guid(fbcced3838e85744784ebf49d58755aa) Importer(815301076,1909f56bfc062723c751e8b465ee728b)
Start importing Assets/GemType/Yellow.asset using Guid(fbcced3838e85744784ebf49d58755aa) Importer(815301076,1909f56bfc062723c751e8b465ee728b) (PreviewImporter) -> (artifact id: 'a5b21fce46d7c901386f8065e976639d') in 0.0014902 seconds
Number of updated asset objects reloaded before import = 0Number of asset objects unloaded after import = 2

========================================================================
Received Import Request.
  Time since last request: 14.106530 seconds.
  path: Assets/Settings/Lit2DSceneTemplate.scenetemplate
  artifactKey: Guid(d03ed43fc9d8a4f2e9fa70c1c7916eb9) Importer(815301076,1909f56bfc062723c751e8b465ee728b)
Start importing Assets/Settings/Lit2DSceneTemplate.scenetemplate using Guid(d03ed43fc9d8a4f2e9fa70c1c7916eb9) Importer(815301076,1909f56bfc062723c751e8b465ee728b) (PreviewImporter) -> (artifact id: 'eb01d75338040207ddfe4ad2363062bf') in 0.1039754 seconds
Number of updated asset objects reloaded before import = 0Number of asset objects unloaded after import = 5

========================================================================
Received Import Request.
  Time since last request: 101.941723 seconds.
  path: Assets/GemType/Blue.asset
  artifactKey: Guid(7c21d53804c8dc9469f03cb6d43e4cde) Importer(815301076,1909f56bfc062723c751e8b465ee728b)
Start importing Assets/GemType/Blue.asset using Guid(7c21d53804c8dc9469f03cb6d43e4cde) Importer(815301076,1909f56bfc062723c751e8b465ee728b) (PreviewImporter) -> (artifact id: '13c0a310e0eed44e047b4c1c5c57883f') in 0.0017965 seconds
Number of updated asset objects reloaded before import = 0Number of asset objects unloaded after import = 2

========================================================================
Received Import Request.
  Time since last request: 0.000019 seconds.
  path: Assets/GemType/Pink.asset
  artifactKey: Guid(d432a79d1b15d0c429ad469dbb522cfa) Importer(815301076,1909f56bfc062723c751e8b465ee728b)
Start importing Assets/GemType/Pink.asset using Guid(d432a79d1b15d0c429ad469dbb522cfa) Importer(815301076,1909f56bfc062723c751e8b465ee728b) (PreviewImporter) -> (artifact id: 'c0917833df525dd73b19e0d850ecc61d') in 0.0017534 seconds
Number of updated asset objects reloaded before import = 0Number of asset objects unloaded after import = 2

========================================================================
Received Import Request.
  Time since last request: 0.000034 seconds.
  path: Assets/GemType/Yellow.asset
  artifactKey: Guid(fbcced3838e85744784ebf49d58755aa) Importer(815301076,1909f56bfc062723c751e8b465ee728b)
Start importing Assets/GemType/Yellow.asset using Guid(fbcced3838e85744784ebf49d58755aa) Importer(815301076,1909f56bfc062723c751e8b465ee728b) (PreviewImporter) -> (artifact id: 'e2c4b8a5cab05323172b2b9f0233ee49') in 0.0017719 seconds
Number of updated asset objects reloaded before import = 0Number of asset objects unloaded after import = 2

Editor requested this worker to shutdown with reason: Scaling down because of idle timeout
AssetImportWorker is now disconnected from the server
Process exiting
Exiting without the bug reporter. Application will terminate with return code 0